{"message":{"description":"User disconnected","reason":"logged off","socketID":"HEZz00D19bFmUI4JAAAB"},"level":"info","timestamp":"2020-04-24 06:28:57"}
{"message":{"description":"Unavailable username","reason":"Username is taken","socketID":"pld6NMLT9PBHUgibAAAE","username":"jurko"},"level":"info","timestamp":"2020-04-24 06:31:30"}
{"message":{"description":"User disconnected","reason":"logged off","socketID":"pld6NMLT9PBHUgibAAAE"},"level":"info","timestamp":"2020-04-24 06:31:30"}
{"message":{"description":"Unavailable username","reason":"Username is taken","socketID":"4CCoZFglc8Y8cTk6AAAE","username":"dasd"},"level":"info","timestamp":"2020-04-24 06:48:05"}
{"message":{"description":"User disconnected","reason":"logged off","socketID":"4CCoZFglc8Y8cTk6AAAE"},"level":"info","timestamp":"2020-04-24 06:48:05"}
{"message":{"description":"Unavailable username","reason":"Username is taken","socketID":"Mwm6tJagda1vqsHrAAAF","username":"dasd"},"level":"info","timestamp":"2020-04-24 06:49:39"}
{"message":{"description":"User disconnected","reason":"Username is taken","socketID":"Mwm6tJagda1vqsHrAAAF"},"level":"info","timestamp":"2020-04-24 06:49:39"}
{"message":{"description":"Unavailable username","reason":"Username is taken","socketID":"n5qfAfYKUaaVagd9AAAG","username":"jalla"},"level":"info","timestamp":"2020-04-24 06:55:16"}
{"message":{"description":"User disconnected","reason":"logged out","socketID":"14rjHEXYAwxwc0vqAAAD"},"level":"info","timestamp":"2020-04-24 06:55:28"}
{"message":{"description":"User disconnected","reason":"logged out","socketID":"oBz3rThFRmoSW_rgAAAH"},"level":"info","timestamp":"2020-04-24 06:55:28"}
{"message":{"description":"User disconnected","reason":"logged out","socketID":"ZxEu0etlEjPSJwUDAAAE"},"level":"info","timestamp":"2020-04-24 06:55:28"}
{"message":{"description":"User disconnected","reason":"logged out","socketID":"Imw9EOBw6fkzQbvbAAAA"},"level":"info","timestamp":"2020-04-24 06:55:56"}
{"message":{"description":"User disconnected","reason":"logged out","socketID":"Ca9KmRUdVSCViJPOAAAF"},"level":"info","timestamp":"2020-04-24 06:55:56"}
{"message":{"description":"User joined chat","socketID":"AhDiU36sYSghkjAYAAAE","name":"dada"},"level":"info","timestamp":"2020-04-24 06:58:18"}
{"message":{"description":"User joined chat","socketID":"QLHKsaT6HLglqVXZAAAE","name":"dada"},"level":"info","timestamp":"2020-04-24 06:58:56"}
{"message":{"description":"User disconnected","reason":"Disconnected due to inactivity","socketID":"QLHKsaT6HLglqVXZAAAE","username":"dada"},"level":"info","timestamp":"2020-04-24 06:59:02"}
{"message":{"description":"User joined chat","socketID":"8UnhSKpForDhO8F-AAAF","name":"ada"},"level":"info","timestamp":"2020-04-24 07:07:41"}
{"message":{"description":"Unavailable username","reason":"Username is taken","socketID":"b-eObjDezT3CI_RyAAAG","username":"ada"},"level":"error","timestamp":"2020-04-24 07:07:45"}
{"message":{"description":"User joined chat","socketID":"ZW1Goassm1461JSfAAAG","name":"madre"},"level":"info","timestamp":"2020-04-24 07:10:41"}
{"message":{"description":"Unavailable username","reason":"Username is taken","socketID":"F4ootLGvKndvnQ5TAAAH","username":"madre"},"level":"error","timestamp":"2020-04-24 07:10:46"}
{"message":{"description":"User joined chat","socketID":"IqRvRbRJQZXTvrO_AAAI","name":"dada"},"level":"info","timestamp":"2020-04-24 07:10:57"}
{"message":{"description":"User disconnected","reason":"logged out","socketID":"sobqNg1MkOHvsyV3AAAA"},"level":"info","timestamp":"2020-04-24 07:11:32"}
{"message":{"description":"User disconnected","reason":"logged out","socketID":"ZW1Goassm1461JSfAAAG"},"level":"info","timestamp":"2020-04-24 07:11:32"}
{"message":{"description":"User disconnected","reason":"logged out","socketID":"9BbGBjsshspYYHy_AAAB"},"level":"info","timestamp":"2020-04-24 07:11:32"}
{"message":{"description":"User disconnected","reason":"logged out","socketID":"TObKBc-nweJfm4QmAAAC"},"level":"info","timestamp":"2020-04-24 07:11:32"}
{"message":{"description":"User joined chat","socketID":"H1R51_sLa_kZK8xxAAAJ","name":"markes"},"level":"info","timestamp":"2020-04-24 07:15:41"}
{"message":{"description":"User disconnected","reason":"logged out","socketID":"ciSgSRlaWjKxIkvnAAAD"},"level":"info","timestamp":"2020-04-24 07:15:56"}
{"message":{"description":"User disconnected","reason":"logged out","socketID":"IqRvRbRJQZXTvrO_AAAI"},"level":"info","timestamp":"2020-04-24 07:15:56"}
{"message":{"description":"User joined chat","socketID":"8rPvB-U2xh6KuDAiAAAK","name":"dsa"},"level":"info","timestamp":"2020-04-24 07:15:58"}
{"message":{"description":"User disconnected","reason":"logged out","socketID":"H1R51_sLa_kZK8xxAAAJ"},"level":"info","timestamp":"2020-04-24 07:16:14"}
{"message":{"description":"User disconnected","reason":"logged out","socketID":"8rPvB-U2xh6KuDAiAAAK"},"level":"info","timestamp":"2020-04-24 07:16:14"}
{"message":{"description":"User joined chat","socketID":"TYJMG1fKSfzEpFGfAAAL","name":"dsa"},"level":"info","timestamp":"2020-04-24 07:16:14"}
{"message":{"description":"User joined chat","socketID":"EHy_R5Wl6Nd8uTf_AAAM","name":"markes"},"level":"info","timestamp":"2020-04-24 07:16:14"}
{"message":{"description":"User disconnected","reason":"logged out","socketID":"TYJMG1fKSfzEpFGfAAAL"},"level":"info","timestamp":"2020-04-24 07:16:23"}
{"message":{"description":"User disconnected","reason":"logged out","socketID":"EHy_R5Wl6Nd8uTf_AAAM"},"level":"info","timestamp":"2020-04-24 07:16:23"}
{"message":{"description":"User joined chat","socketID":"qNT5ieqsk_NVvKWhAAAO","name":"markes"},"level":"info","timestamp":"2020-04-24 07:16:23"}
{"message":{"description":"User joined chat","socketID":"w5T4nMMxRkG9NGXMAAAN","name":"dsa"},"level":"info","timestamp":"2020-04-24 07:16:23"}
{"message":{"description":"User disconnected","reason":"logged out","socketID":"w5T4nMMxRkG9NGXMAAAN"},"level":"info","timestamp":"2020-04-24 07:16:34"}
{"message":{"description":"User disconnected","reason":"logged out","socketID":"qNT5ieqsk_NVvKWhAAAO"},"level":"info","timestamp":"2020-04-24 07:16:37"}
{"message":{"description":"User joined chat","socketID":"aFIPRn1egECHFZYUAAAC","name":"dasda"},"level":"info","timestamp":"2020-04-24 07:22:31"}
{"message":{"description":"User disconnected","reason":"Disconnected due to inactivity","socketID":"aFIPRn1egECHFZYUAAAC","username":"dasda"},"level":"info","timestamp":"2020-04-24 07:22:37"}
{"message":{"description":"User joined chat","socketID":"izIyzDVRyStZmxfZAAAC","name":"da"},"level":"info","timestamp":"2020-04-24 07:23:51"}
{"message":{"description":"User joined chat","socketID":"HQFh622-fhyj6BbfAAAD","name":"dasd"},"level":"info","timestamp":"2020-04-24 07:33:14"}
{"message":{"description":"Unavailable username","reason":"Username is taken","socketID":"1B5cCvp6-wyt3X2ZAAAE","username":"dasd"},"level":"error","timestamp":"2020-04-24 07:34:47"}
{"message":{"description":"User joined chat","socketID":"EzkxrJqtf-7LJBluAAAF","name":"dsasa"},"level":"info","timestamp":"2020-04-24 07:34:49"}
{"message":{"description":"User disconnected","reason":"logged out","socketID":"EzkxrJqtf-7LJBluAAAF"},"level":"info","timestamp":"2020-04-24 07:34:53"}
{"message":{"description":"User joined chat","socketID":"azAlXngl6eyeqCWwAAAG","name":"dsasa"},"level":"info","timestamp":"2020-04-24 07:34:53"}
{"message":{"description":"User disconnected","reason":"Disconnected due to inactivity","socketID":"izIyzDVRyStZmxfZAAAC","username":"da"},"level":"info","timestamp":"2020-04-24 07:38:51"}
{"message":{"description":"User disconnected","reason":"logged out","socketID":"HQFh622-fhyj6BbfAAAD"},"level":"info","timestamp":"2020-04-24 07:38:55"}
{"message":{"description":"User joined chat","socketID":"tGTMXBQAZX8MAKrcAAAH","name":"dasd"},"level":"info","timestamp":"2020-04-24 07:38:55"}
{"message":{"description":"User disconnected","reason":"logged out","socketID":"tGTMXBQAZX8MAKrcAAAH"},"level":"info","timestamp":"2020-04-24 07:39:03"}
{"message":{"description":"User joined chat","socketID":"Qd2CFlmZtL0GwM5lAAAI","name":"dsadasdsa"},"level":"info","timestamp":"2020-04-24 07:39:06"}
{"message":{"description":"User disconnected","reason":"logged out","socketID":"Qd2CFlmZtL0GwM5lAAAI"},"level":"info","timestamp":"2020-04-24 07:39:12"}
{"message":{"description":"User joined chat","socketID":"Pqoc76poHTEKCpDDAAAB","name":"dsad"},"level":"info","timestamp":"2020-04-24 07:39:58"}
{"message":{"description":"User disconnected","reason":"logged out","socketID":"Pqoc76poHTEKCpDDAAAB"},"level":"info","timestamp":"2020-04-24 07:40:08"}
{"message":{"description":"User disconnected","reason":"logged out","socketID":"PxG5wTCdtylhjoATAAAA"},"level":"info","timestamp":"2020-04-24 07:40:16"}
{"message":{"description":"User disconnected","reason":"logged out","socketID":"vhBJKbG6HuO6BbLvAAAC"},"level":"info","timestamp":"2020-04-24 07:40:16"}
{"message":{"description":"User joined chat","socketID":"YFp95X-CiDoCTWDcAAAE","name":"dsa"},"level":"info","timestamp":"2020-04-24 07:40:24"}
{"message":{"description":"User joined chat","socketID":"xtVPrm7VaBudRhVhAAAF","name":"dsads"},"level":"info","timestamp":"2020-04-24 07:40:28"}
{"message":{"description":"User disconnected","reason":"logged out","socketID":"YFp95X-CiDoCTWDcAAAE"},"level":"info","timestamp":"2020-04-24 07:40:32"}
{"message":{"description":"User joined chat","socketID":"dVXhXb9vHbUuWrhYAAAG","name":"das"},"level":"info","timestamp":"2020-04-24 07:40:34"}
{"message":{"description":"User disconnected","reason":"logged out","socketID":"xtVPrm7VaBudRhVhAAAF"},"level":"info","timestamp":"2020-04-24 07:40:56"}
{"message":{"description":"User joined chat","socketID":"3HX_VseKY1MAIqKXAAAC","name":"dsad"},"level":"info","timestamp":"2020-04-24 07:41:47"}
{"message":{"description":"User joined chat","socketID":"lD9r0lAXnrvjidREAAAD","name":"wda"},"level":"info","timestamp":"2020-04-24 07:41:54"}
{"message":{"description":"User disconnected","reason":"logged out","socketID":"lD9r0lAXnrvjidREAAAD"},"level":"info","timestamp":"2020-04-24 07:41:58"}
{"message":{"description":"User disconnected","reason":"logged out","socketID":"3HX_VseKY1MAIqKXAAAC"},"level":"info","timestamp":"2020-04-24 07:42:03"}
{"message":{"description":"User disconnected","reason":"logged out","socketID":"MluTiRE8kqPWcU5HAAAA"},"level":"info","timestamp":"2020-04-24 07:42:03"}
